<?xml version="1.0" encoding="UTF-8"?>
<!-- Generated by org.testng.reporters.JUnitReportReporter -->
<<<<<<< HEAD
<testsuite hostname="LAPTOP-MAQE94QU" failures="1" tests="38" name="testRunner.TestRunner" time="16.989" errors="0" timestamp="2024-08-21T17:45:06 EDT" skipped="0">
  <testcase classname="testRunner.TestRunner" name="runScenario" time="0.006"/>
  <system-out/>
  <testcase classname="testRunner.TestRunner" name="runScenario" time="0.380"/>
  <system-out/>
  <testcase classname="testRunner.TestRunner" name="runScenario" time="0.550"/>
  <system-out/>
  <testcase classname="testRunner.TestRunner" name="runScenario" time="0.553"/>
  <system-out/>
  <testcase classname="testRunner.TestRunner" name="runScenario" time="0.430"/>
  <system-out/>
  <testcase classname="testRunner.TestRunner" name="runScenario" time="0.624"/>
  <system-out/>
  <testcase classname="testRunner.TestRunner" name="runScenario" time="0.161"/>
  <system-out/>
  <testcase classname="testRunner.TestRunner" name="runScenario" time="0.573"/>
  <system-out/>
  <testcase classname="testRunner.TestRunner" name="runScenario" time="0.762"/>
  <system-out/>
  <testcase classname="testRunner.TestRunner" name="runScenario" time="0.531"/>
  <system-out/>
  <testcase classname="testRunner.TestRunner" name="runScenario" time="0.672"/>
  <system-out/>
  <testcase classname="testRunner.TestRunner" name="runScenario" time="4.045"/>
  <system-out/>
  <testcase classname="testRunner.TestRunner" name="runScenario" time="0.150"/>
  <system-out/>
  <testcase classname="testRunner.TestRunner" name="runScenario" time="0.769"/>
  <system-out/>
  <testcase classname="testRunner.TestRunner" name="runScenario" time="0.226"/>
  <system-out/>
  <testcase classname="testRunner.TestRunner" name="runScenario" time="0.357"/>
  <system-out/>
  <testcase classname="testRunner.TestRunner" name="runScenario" time="0.171"/>
  <system-out/>
  <testcase classname="testRunner.TestRunner" name="runScenario" time="0.192"/>
  <system-out/>
  <testcase classname="testRunner.TestRunner" name="runScenario" time="0.165"/>
  <system-out/>
  <testcase classname="testRunner.TestRunner" name="runScenario" time="0.398"/>
  <system-out/>
  <testcase classname="testRunner.TestRunner" name="runScenario" time="0.585"/>
  <system-out/>
  <testcase classname="testRunner.TestRunner" name="runScenario" time="0.397"/>
  <system-out/>
  <testcase classname="testRunner.TestRunner" name="runScenario" time="0.151"/>
  <system-out/>
  <testcase classname="testRunner.TestRunner" name="runScenario" time="0.014"/>
  <system-out/>
  <testcase classname="testRunner.TestRunner" name="runScenario" time="0.228">
    <failure message="1 expectation failed.
Expected status code &lt;200&gt; but was &lt;400&gt;.
" type="java.lang.AssertionError">
      <![CDATA[java.lang.AssertionError: 1 expectation failed.
Expected status code <200> but was <400>.

at java.base/jdk.internal.reflect.NativeConstructorAccessorImpl.newInstance0(Native Method)
at java.base/jdk.internal.reflect.NativeConstructorAccessorImpl.newInstance(NativeConstructorAccessorImpl.java:77)
at java.base/jdk.internal.reflect.DelegatingConstructorAccessorImpl.newInstance(DelegatingConstructorAccessorImpl.java:45)
at java.base/java.lang.reflect.Constructor.newInstanceWithCaller(Constructor.java:499)
at java.base/java.lang.reflect.Constructor.newInstance(Constructor.java:480)
at org.codehaus.groovy.reflection.CachedConstructor.invoke(CachedConstructor.java:73)
at org.codehaus.groovy.runtime.callsite.ConstructorSite$ConstructorSiteNoUnwrapNoCoerce.callConstructor(ConstructorSite.java:108)
at org.codehaus.groovy.runtime.callsite.CallSiteArray.defaultCallConstructor(CallSiteArray.java:57)
at org.codehaus.groovy.runtime.callsite.AbstractCallSite.callConstructor(AbstractCallSite.java:263)
at org.codehaus.groovy.runtime.callsite.AbstractCallSite.callConstructor(AbstractCallSite.java:277)
at io.restassured.internal.ResponseSpecificationImpl$HamcrestAssertionClosure.validate(ResponseSpecificationImpl.groovy:512)
at io.restassured.internal.ResponseSpecificationImpl$HamcrestAssertionClosure$validate$1.call(Unknown Source)
at io.restassured.internal.ResponseSpecificationImpl.validateResponseIfRequired(ResponseSpecificationImpl.groovy:696)
at io.restassured.internal.ResponseSpecificationImpl.this$2$validateResponseIfRequired(ResponseSpecificationImpl.groovy)
at jdk.internal.reflect.GeneratedMethodAccessor139.invoke(Unknown Source)
at java.base/jdk.internal.reflect.DelegatingMethodAccessorImpl.invoke(DelegatingMethodAccessorImpl.java:43)
at java.base/java.lang.reflect.Method.invoke(Method.java:568)
at org.codehaus.groovy.runtime.callsite.PlainObjectMetaMethodSite.doInvoke(PlainObjectMetaMethodSite.java:43)
at org.codehaus.groovy.runtime.callsite.PogoMetaMethodSite$PogoCachedMethodSiteNoUnwrapNoCoerce.invoke(PogoMetaMethodSite.java:198)
at org.codehaus.groovy.runtime.callsite.PogoMetaMethodSite.callCurrent(PogoMetaMethodSite.java:62)
at org.codehaus.groovy.runtime.callsite.AbstractCallSite.callCurrent(AbstractCallSite.java:185)
at io.restassured.internal.ResponseSpecificationImpl.statusCode(ResponseSpecificationImpl.groovy:135)
at io.restassured.specification.ResponseSpecification$statusCode$0.callCurrent(Unknown Source)
at io.restassured.internal.ResponseSpecificationImpl.statusCode(ResponseSpecificationImpl.groovy:143)
at io.restassured.internal.ValidatableResponseOptionsImpl.statusCode(ValidatableResponseOptionsImpl.java:89)
at stepDefinition.PatientPutAddNewReports.dietician_recieves_statuscode_for_add_new_reports_with_without_vitals(PatientPutAddNewReports.java:145)
at âœ½.Dietician recieves 400 statuscode for Add New Reports with or without Vitals(file:///C:/Users/rashm/git/Team2_APIDietPhase2RestAssured/src/test/resources/Features/002_PatientPutAddNewReports.feature:42)
]]>
    </failure>
  </testcase> <!-- runScenario -->
  <system-out/>
  <testcase classname="testRunner.TestRunner" name="runScenario" time="0.468"/>
  <system-out/>
  <testcase classname="testRunner.TestRunner" name="runScenario" time="0.745"/>
  <system-out/>
  <testcase classname="testRunner.TestRunner" name="runScenario" time="0.015"/>
  <system-out/>
  <testcase classname="testRunner.TestRunner" name="runScenario" time="0.665"/>
  <system-out/>
  <testcase classname="testRunner.TestRunner" name="runScenario" time="0.175"/>
  <system-out/>
  <testcase classname="testRunner.TestRunner" name="runScenario" time="0.004"/>
  <system-out/>
  <testcase classname="testRunner.TestRunner" name="runScenario" time="0.540"/>
  <system-out/>
  <testcase classname="testRunner.TestRunner" name="runScenario" time="0.495"/>
  <system-out/>
  <testcase classname="testRunner.TestRunner" name="runScenario" time="0.138"/>
  <system-out/>
  <testcase classname="testRunner.TestRunner" name="runScenario" time="0.130"/>
  <system-out/>
  <testcase classname="testRunner.TestRunner" name="runScenario" time="0.193"/>
  <system-out/>
  <testcase classname="testRunner.TestRunner" name="runScenario" time="0.192"/>
  <system-out/>
  <testcase classname="testRunner.TestRunner" name="runScenario" time="0.139"/>
  <system-out/>
=======
<testsuite hostname="DESKTOP-25LN50V" failures="0" tests="1" name="testRunner.TestRunner" time="9.836" errors="0" timestamp="2024-08-21T17:36:21 IST" skipped="0">
  <testcase classname="testRunner.TestRunner" name="runScenario" time="9.836"/>
>>>>>>> 877a656a728745ed8cb7106ac497ae57a1b8db31
</testsuite> <!-- testRunner.TestRunner -->
